ARM GAS  /tmp/cclE8bfs.s 			page 1


   1              		.cpu cortex-m3
   2              		.eabi_attribute 20, 1
   3              		.eabi_attribute 21, 1
   4              		.eabi_attribute 23, 3
   5              		.eabi_attribute 24, 1
   6              		.eabi_attribute 25, 1
   7              		.eabi_attribute 26, 1
   8              		.eabi_attribute 30, 1
   9              		.eabi_attribute 34, 1
  10              		.eabi_attribute 18, 4
  11              		.file	"gpio.c"
  12              		.text
  13              	.Ltext0:
  14              		.cfi_sections	.debug_frame
  15              		.section	.text.MX_GPIO_Init,"ax",%progbits
  16              		.align	1
  17              		.global	MX_GPIO_Init
  18              		.arch armv7-m
  19              		.syntax unified
  20              		.thumb
  21              		.thumb_func
  22              		.fpu softvfp
  24              	MX_GPIO_Init:
  25              	.LFB65:
  26              		.file 1 "Core/Src/gpio.c"
   1:Core/Src/gpio.c **** /* USER CODE BEGIN Header */
   2:Core/Src/gpio.c **** /**
   3:Core/Src/gpio.c ****   ******************************************************************************
   4:Core/Src/gpio.c ****   * @file    gpio.c
   5:Core/Src/gpio.c ****   * @brief   This file provides code for the configuration
   6:Core/Src/gpio.c ****   *          of all used GPIO pins.
   7:Core/Src/gpio.c ****   ******************************************************************************
   8:Core/Src/gpio.c ****   * @attention
   9:Core/Src/gpio.c ****   *
  10:Core/Src/gpio.c ****   * Copyright (c) 2024 STMicroelectronics.
  11:Core/Src/gpio.c ****   * All rights reserved.
  12:Core/Src/gpio.c ****   *
  13:Core/Src/gpio.c ****   * This software is licensed under terms that can be found in the LICENSE file
  14:Core/Src/gpio.c ****   * in the root directory of this software component.
  15:Core/Src/gpio.c ****   * If no LICENSE file comes with this software, it is provided AS-IS.
  16:Core/Src/gpio.c ****   *
  17:Core/Src/gpio.c ****   ******************************************************************************
  18:Core/Src/gpio.c ****   */
  19:Core/Src/gpio.c **** /* USER CODE END Header */
  20:Core/Src/gpio.c **** 
  21:Core/Src/gpio.c **** /* Includes ------------------------------------------------------------------*/
  22:Core/Src/gpio.c **** #include "gpio.h"
  23:Core/Src/gpio.c **** 
  24:Core/Src/gpio.c **** /* USER CODE BEGIN 0 */
  25:Core/Src/gpio.c **** 
  26:Core/Src/gpio.c **** /* USER CODE END 0 */
  27:Core/Src/gpio.c **** 
  28:Core/Src/gpio.c **** /*----------------------------------------------------------------------------*/
  29:Core/Src/gpio.c **** /* Configure GPIO                                                             */
  30:Core/Src/gpio.c **** /*----------------------------------------------------------------------------*/
  31:Core/Src/gpio.c **** /* USER CODE BEGIN 1 */
  32:Core/Src/gpio.c **** 
ARM GAS  /tmp/cclE8bfs.s 			page 2


  33:Core/Src/gpio.c **** /* USER CODE END 1 */
  34:Core/Src/gpio.c **** 
  35:Core/Src/gpio.c **** /** Configure pins as
  36:Core/Src/gpio.c ****         * Analog
  37:Core/Src/gpio.c ****         * Input
  38:Core/Src/gpio.c ****         * Output
  39:Core/Src/gpio.c ****         * EVENT_OUT
  40:Core/Src/gpio.c ****         * EXTI
  41:Core/Src/gpio.c **** */
  42:Core/Src/gpio.c **** void MX_GPIO_Init(void)
  43:Core/Src/gpio.c **** {
  27              		.loc 1 43 1 view -0
  28              		.cfi_startproc
  29              		@ args = 0, pretend = 0, frame = 32
  30              		@ frame_needed = 0, uses_anonymous_args = 0
  31 0000 10B5     		push	{r4, lr}
  32              	.LCFI0:
  33              		.cfi_def_cfa_offset 8
  34              		.cfi_offset 4, -8
  35              		.cfi_offset 14, -4
  36 0002 88B0     		sub	sp, sp, #32
  37              	.LCFI1:
  38              		.cfi_def_cfa_offset 40
  44:Core/Src/gpio.c **** 
  45:Core/Src/gpio.c ****   GPIO_InitTypeDef GPIO_InitStruct = {0};
  39              		.loc 1 45 3 view .LVU1
  40              		.loc 1 45 20 is_stmt 0 view .LVU2
  41 0004 0022     		movs	r2, #0
  42 0006 0492     		str	r2, [sp, #16]
  43 0008 0592     		str	r2, [sp, #20]
  44 000a 0692     		str	r2, [sp, #24]
  45 000c 0792     		str	r2, [sp, #28]
  46:Core/Src/gpio.c **** 
  47:Core/Src/gpio.c ****   /* GPIO Ports Clock Enable */
  48:Core/Src/gpio.c ****   __HAL_RCC_GPIOC_CLK_ENABLE();
  46              		.loc 1 48 3 is_stmt 1 view .LVU3
  47              	.LBB2:
  48              		.loc 1 48 3 view .LVU4
  49              		.loc 1 48 3 view .LVU5
  50 000e 1C4B     		ldr	r3, .L3
  51 0010 9969     		ldr	r1, [r3, #24]
  52 0012 41F01001 		orr	r1, r1, #16
  53 0016 9961     		str	r1, [r3, #24]
  54              		.loc 1 48 3 view .LVU6
  55 0018 9969     		ldr	r1, [r3, #24]
  56 001a 01F01001 		and	r1, r1, #16
  57 001e 0091     		str	r1, [sp]
  58              		.loc 1 48 3 view .LVU7
  59 0020 0099     		ldr	r1, [sp]
  60              	.LBE2:
  61              		.loc 1 48 3 view .LVU8
  49:Core/Src/gpio.c ****   __HAL_RCC_GPIOD_CLK_ENABLE();
  62              		.loc 1 49 3 view .LVU9
  63              	.LBB3:
  64              		.loc 1 49 3 view .LVU10
  65              		.loc 1 49 3 view .LVU11
  66 0022 9969     		ldr	r1, [r3, #24]
ARM GAS  /tmp/cclE8bfs.s 			page 3


  67 0024 41F02001 		orr	r1, r1, #32
  68 0028 9961     		str	r1, [r3, #24]
  69              		.loc 1 49 3 view .LVU12
  70 002a 9969     		ldr	r1, [r3, #24]
  71 002c 01F02001 		and	r1, r1, #32
  72 0030 0191     		str	r1, [sp, #4]
  73              		.loc 1 49 3 view .LVU13
  74 0032 0199     		ldr	r1, [sp, #4]
  75              	.LBE3:
  76              		.loc 1 49 3 view .LVU14
  50:Core/Src/gpio.c ****   __HAL_RCC_GPIOA_CLK_ENABLE();
  77              		.loc 1 50 3 view .LVU15
  78              	.LBB4:
  79              		.loc 1 50 3 view .LVU16
  80              		.loc 1 50 3 view .LVU17
  81 0034 9969     		ldr	r1, [r3, #24]
  82 0036 41F00401 		orr	r1, r1, #4
  83 003a 9961     		str	r1, [r3, #24]
  84              		.loc 1 50 3 view .LVU18
  85 003c 9969     		ldr	r1, [r3, #24]
  86 003e 01F00401 		and	r1, r1, #4
  87 0042 0291     		str	r1, [sp, #8]
  88              		.loc 1 50 3 view .LVU19
  89 0044 0299     		ldr	r1, [sp, #8]
  90              	.LBE4:
  91              		.loc 1 50 3 view .LVU20
  51:Core/Src/gpio.c ****   __HAL_RCC_GPIOB_CLK_ENABLE();
  92              		.loc 1 51 3 view .LVU21
  93              	.LBB5:
  94              		.loc 1 51 3 view .LVU22
  95              		.loc 1 51 3 view .LVU23
  96 0046 9969     		ldr	r1, [r3, #24]
  97 0048 41F00801 		orr	r1, r1, #8
  98 004c 9961     		str	r1, [r3, #24]
  99              		.loc 1 51 3 view .LVU24
 100 004e 9B69     		ldr	r3, [r3, #24]
 101 0050 03F00803 		and	r3, r3, #8
 102 0054 0393     		str	r3, [sp, #12]
 103              		.loc 1 51 3 view .LVU25
 104 0056 039B     		ldr	r3, [sp, #12]
 105              	.LBE5:
 106              		.loc 1 51 3 view .LVU26
  52:Core/Src/gpio.c **** 
  53:Core/Src/gpio.c ****   /*Configure GPIO pin Output Level */
  54:Core/Src/gpio.c ****   HAL_GPIO_WritePin(LED1_GPIO_Port, LED1_Pin, GPIO_PIN_RESET);
 107              		.loc 1 54 3 view .LVU27
 108 0058 0A4C     		ldr	r4, .L3+4
 109 005a 4FF40071 		mov	r1, #512
 110 005e 2046     		mov	r0, r4
 111 0060 FFF7FEFF 		bl	HAL_GPIO_WritePin
 112              	.LVL0:
  55:Core/Src/gpio.c **** 
  56:Core/Src/gpio.c ****   /*Configure GPIO pin : PtPin */
  57:Core/Src/gpio.c ****   GPIO_InitStruct.Pin = LED1_Pin;
 113              		.loc 1 57 3 view .LVU28
 114              		.loc 1 57 23 is_stmt 0 view .LVU29
 115 0064 4FF40073 		mov	r3, #512
ARM GAS  /tmp/cclE8bfs.s 			page 4


 116 0068 0493     		str	r3, [sp, #16]
  58:Core/Src/gpio.c ****   GPIO_InitStruct.Mode = GPIO_MODE_OUTPUT_PP;
 117              		.loc 1 58 3 is_stmt 1 view .LVU30
 118              		.loc 1 58 24 is_stmt 0 view .LVU31
 119 006a 0123     		movs	r3, #1
 120 006c 0593     		str	r3, [sp, #20]
  59:Core/Src/gpio.c ****   GPIO_InitStruct.Pull = GPIO_PULLUP;
 121              		.loc 1 59 3 is_stmt 1 view .LVU32
 122              		.loc 1 59 24 is_stmt 0 view .LVU33
 123 006e 0693     		str	r3, [sp, #24]
  60:Core/Src/gpio.c ****   GPIO_InitStruct.Speed = GPIO_SPEED_FREQ_HIGH;
 124              		.loc 1 60 3 is_stmt 1 view .LVU34
 125              		.loc 1 60 25 is_stmt 0 view .LVU35
 126 0070 0323     		movs	r3, #3
 127 0072 0793     		str	r3, [sp, #28]
  61:Core/Src/gpio.c ****   HAL_GPIO_Init(LED1_GPIO_Port, &GPIO_InitStruct);
 128              		.loc 1 61 3 is_stmt 1 view .LVU36
 129 0074 04A9     		add	r1, sp, #16
 130 0076 2046     		mov	r0, r4
 131 0078 FFF7FEFF 		bl	HAL_GPIO_Init
 132              	.LVL1:
  62:Core/Src/gpio.c **** 
  63:Core/Src/gpio.c **** }
 133              		.loc 1 63 1 is_stmt 0 view .LVU37
 134 007c 08B0     		add	sp, sp, #32
 135              	.LCFI2:
 136              		.cfi_def_cfa_offset 8
 137              		@ sp needed
 138 007e 10BD     		pop	{r4, pc}
 139              	.L4:
 140              		.align	2
 141              	.L3:
 142 0080 00100240 		.word	1073876992
 143 0084 000C0140 		.word	1073810432
 144              		.cfi_endproc
 145              	.LFE65:
 147              		.text
 148              	.Letext0:
 149              		.file 2 "/usr/lib/gcc/arm-none-eabi/10.3.1/include/stdint.h"
 150              		.file 3 "Drivers/CMSIS/Device/ST/STM32F1xx/Include/stm32f103xb.h"
 151              		.file 4 "Drivers/STM32F1xx_HAL_Driver/Inc/stm32f1xx_hal_gpio.h"
ARM GAS  /tmp/cclE8bfs.s 			page 5


DEFINED SYMBOLS
                            *ABS*:0000000000000000 gpio.c
     /tmp/cclE8bfs.s:16     .text.MX_GPIO_Init:0000000000000000 $t
     /tmp/cclE8bfs.s:24     .text.MX_GPIO_Init:0000000000000000 MX_GPIO_Init
     /tmp/cclE8bfs.s:142    .text.MX_GPIO_Init:0000000000000080 $d

UNDEFINED SYMBOLS
HAL_GPIO_WritePin
HAL_GPIO_Init
